[ 2016-01-08T21:27:04+08:00 ] 127.0.0.1 /Public/assets/js/jquery.min.map
INFO: [ app_init ] --START--
INFO: Run Behavior\BuildLiteBehavior [ RunTime:0.000097s ]
INFO: [ app_init ] --END-- [ RunTime:0.001288s ]
NOTIC: [2] include(./Conf/config.php): failed to open stream: No such file or directory E:\php\www\adminmanage\Application\Home\Conf\config.php 第 11 行.
NOTIC: [2] include(): Failed opening './Conf/config.php' for inclusion (include_path='.;C:\php\pear') E:\php\www\adminmanage\Application\Home\Conf\config.php 第 11 行.
NOTIC: [2] array_merge(): Argument #1 is not an array E:\php\www\adminmanage\Application\Home\Conf\config.php 第 11 行.
INFO: [ app_begin ] --START--
INFO: Run Behavior\ReadHtmlCacheBehavior [ RunTime:0.001078s ]
INFO: [ app_begin ] --END-- [ RunTime:0.001400s ]
ERR: 无法加载控制器:Public

[ 2016-01-08T21:27:08+08:00 ] 127.0.0.1 /Public/assets/js/jquery.min.map
INFO: [ app_init ] --START--
INFO: Run Behavior\BuildLiteBehavior [ RunTime:0.000081s ]
INFO: [ app_init ] --END-- [ RunTime:0.001316s ]
NOTIC: [2] include(./Conf/config.php): failed to open stream: No such file or directory E:\php\www\adminmanage\Application\Home\Conf\config.php 第 11 行.
NOTIC: [2] include(): Failed opening './Conf/config.php' for inclusion (include_path='.;C:\php\pear') E:\php\www\adminmanage\Application\Home\Conf\config.php 第 11 行.
NOTIC: [2] array_merge(): Argument #1 is not an array E:\php\www\adminmanage\Application\Home\Conf\config.php 第 11 行.
INFO: [ app_begin ] --START--
INFO: Run Behavior\ReadHtmlCacheBehavior [ RunTime:0.001266s ]
INFO: [ app_begin ] --END-- [ RunTime:0.001646s ]
ERR: 无法加载控制器:Public

[ 2016-01-08T21:28:22+08:00 ] 127.0.0.1 /Public/assets/js/jquery.min.map
INFO: [ app_init ] --START--
INFO: Run Behavior\BuildLiteBehavior [ RunTime:0.000050s ]
INFO: [ app_init ] --END-- [ RunTime:0.000717s ]
NOTIC: [2] include(./Conf/config.php): failed to open stream: No such file or directory E:\php\www\adminmanage\Application\Home\Conf\config.php 第 11 行.
NOTIC: [2] include(): Failed opening './Conf/config.php' for inclusion (include_path='.;C:\php\pear') E:\php\www\adminmanage\Application\Home\Conf\config.php 第 11 行.
NOTIC: [2] array_merge(): Argument #1 is not an array E:\php\www\adminmanage\Application\Home\Conf\config.php 第 11 行.
INFO: [ app_begin ] --START--
INFO: Run Behavior\ReadHtmlCacheBehavior [ RunTime:0.001836s ]
INFO: [ app_begin ] --END-- [ RunTime:0.002475s ]
ERR: 无法加载控制器:Public

[ 2016-01-08T21:31:18+08:00 ] 127.0.0.1 /Index/index.html
INFO: [ app_init ] --START--
INFO: Run Behavior\BuildLiteBehavior [ RunTime:0.000091s ]
INFO: [ app_init ] --END-- [ RunTime:0.002513s ]
NOTIC: [2] include(./Conf/config.php): failed to open stream: No such file or directory E:\php\www\adminmanage\Application\Home\Conf\config.php 第 11 行.
NOTIC: [2] include(): Failed opening './Conf/config.php' for inclusion (include_path='.;C:\php\pear') E:\php\www\adminmanage\Application\Home\Conf\config.php 第 11 行.
NOTIC: [2] array_merge(): Argument #1 is not an array E:\php\www\adminmanage\Application\Home\Conf\config.php 第 11 行.
INFO: [ app_begin ] --START--
INFO: Run Behavior\ReadHtmlCacheBehavior [ RunTime:0.001266s ]
INFO: [ app_begin ] --END-- [ RunTime:0.001663s ]
INFO: [ view_parse ] --START--
INFO: [ template_filter ] --START--
INFO: Run Behavior\ContentReplaceBehavior [ RunTime:0.000308s ]
INFO: [ template_filter ] --END-- [ RunTime:0.000632s ]
INFO: Run Behavior\ParseTemplateBehavior [ RunTime:0.037343s ]
INFO: [ view_parse ] --END-- [ RunTime:0.037591s ]
INFO: [ view_filter ] --START--
INFO: Run Behavior\WriteHtmlCacheBehavior [ RunTime:0.000670s ]
INFO: [ view_filter ] --END-- [ RunTime:0.000892s ]
INFO: [ app_end ] --START--
INFO: Run Behavior\ShowPageTraceBehavior [ RunTime:0.003944s ]
INFO: [ app_end ] --END-- [ RunTime:0.004219s ]

[ 2016-01-08T21:31:37+08:00 ] 127.0.0.1 /list/3
INFO: [ app_init ] --START--
INFO: Run Behavior\BuildLiteBehavior [ RunTime:0.000141s ]
INFO: [ app_init ] --END-- [ RunTime:0.003386s ]
NOTIC: [2] include(./Conf/config.php): failed to open stream: No such file or directory E:\php\www\adminmanage\Application\Home\Conf\config.php 第 11 行.
NOTIC: [2] include(): Failed opening './Conf/config.php' for inclusion (include_path='.;C:\php\pear') E:\php\www\adminmanage\Application\Home\Conf\config.php 第 11 行.
NOTIC: [2] array_merge(): Argument #1 is not an array E:\php\www\adminmanage\Application\Home\Conf\config.php 第 11 行.
INFO: [ app_begin ] --START--
INFO: Run Behavior\ReadHtmlCacheBehavior [ RunTime:0.001275s ]
INFO: [ app_begin ] --END-- [ RunTime:0.001649s ]
INFO: [ view_parse ] --START--
INFO: [ template_filter ] --START--
INFO: Run Behavior\ContentReplaceBehavior [ RunTime:0.000345s ]
INFO: [ template_filter ] --END-- [ RunTime:0.000590s ]
INFO: Run Behavior\ParseTemplateBehavior [ RunTime:0.087033s ]
INFO: [ view_parse ] --END-- [ RunTime:0.087415s ]
INFO: [ view_filter ] --START--
INFO: Run Behavior\WriteHtmlCacheBehavior [ RunTime:0.003858s ]
INFO: [ view_filter ] --END-- [ RunTime:0.004275s ]
INFO: [ app_end ] --START--
INFO: Run Behavior\ShowPageTraceBehavior [ RunTime:0.001904s ]
INFO: [ app_end ] --END-- [ RunTime:0.002397s ]

[ 2016-01-08T21:31:37+08:00 ] 127.0.0.1 /Public/style/default/js/jquery.flexslider.js
INFO: [ app_init ] --START--
INFO: Run Behavior\BuildLiteBehavior [ RunTime:0.000173s ]
INFO: [ app_init ] --END-- [ RunTime:0.003652s ]
NOTIC: [2] include(./Conf/config.php): failed to open stream: No such file or directory E:\php\www\adminmanage\Application\Home\Conf\config.php 第 11 行.
NOTIC: [2] include(): Failed opening './Conf/config.php' for inclusion (include_path='.;C:\php\pear') E:\php\www\adminmanage\Application\Home\Conf\config.php 第 11 行.
NOTIC: [2] array_merge(): Argument #1 is not an array E:\php\www\adminmanage\Application\Home\Conf\config.php 第 11 行.
INFO: [ app_begin ] --START--
INFO: Run Behavior\ReadHtmlCacheBehavior [ RunTime:0.001267s ]
INFO: [ app_begin ] --END-- [ RunTime:0.001766s ]
ERR: 无法加载控制器:Public

[ 2016-01-08T21:31:37+08:00 ] 127.0.0.1 /Public//uploads/2015-12-28/5680a9cb1b9fb.jpg
INFO: [ app_init ] --START--
INFO: Run Behavior\BuildLiteBehavior [ RunTime:0.000085s ]
INFO: [ app_init ] --END-- [ RunTime:0.001637s ]
NOTIC: [2] include(./Conf/config.php): failed to open stream: No such file or directory E:\php\www\adminmanage\Application\Home\Conf\config.php 第 11 行.
NOTIC: [2] include(): Failed opening './Conf/config.php' for inclusion (include_path='.;C:\php\pear') E:\php\www\adminmanage\Application\Home\Conf\config.php 第 11 行.
NOTIC: [2] array_merge(): Argument #1 is not an array E:\php\www\adminmanage\Application\Home\Conf\config.php 第 11 行.

[ 2016-01-08T21:31:38+08:00 ] 127.0.0.1 /Public/style/default/js/jquery.flexslider.js
INFO: [ app_init ] --START--
INFO: Run Behavior\BuildLiteBehavior [ RunTime:0.000055s ]
INFO: [ app_init ] --END-- [ RunTime:0.001213s ]
NOTIC: [2] include(./Conf/config.php): failed to open stream: No such file or directory E:\php\www\adminmanage\Application\Home\Conf\config.php 第 11 行.
NOTIC: [2] include(): Failed opening './Conf/config.php' for inclusion (include_path='.;C:\php\pear') E:\php\www\adminmanage\Application\Home\Conf\config.php 第 11 行.
NOTIC: [2] array_merge(): Argument #1 is not an array E:\php\www\adminmanage\Application\Home\Conf\config.php 第 11 行.
INFO: [ app_begin ] --START--
INFO: Run Behavior\ReadHtmlCacheBehavior [ RunTime:0.001560s ]
INFO: [ app_begin ] --END-- [ RunTime:0.002277s ]
ERR: 无法加载控制器:Public

[ 2016-01-08T21:31:38+08:00 ] 127.0.0.1 /Public//uploads/2015-12-28/5680a9cb1b9fb.jpg
INFO: [ app_init ] --START--
INFO: Run Behavior\BuildLiteBehavior [ RunTime:0.000094s ]
INFO: [ app_init ] --END-- [ RunTime:0.001228s ]
NOTIC: [2] include(./Conf/config.php): failed to open stream: No such file or directory E:\php\www\adminmanage\Application\Home\Conf\config.php 第 11 行.
NOTIC: [2] include(): Failed opening './Conf/config.php' for inclusion (include_path='.;C:\php\pear') E:\php\www\adminmanage\Application\Home\Conf\config.php 第 11 行.
NOTIC: [2] array_merge(): Argument #1 is not an array E:\php\www\adminmanage\Application\Home\Conf\config.php 第 11 行.

[ 2016-01-08T21:41:21+08:00 ] 127.0.0.1 /list/7
INFO: [ app_init ] --START--
INFO: Run Behavior\BuildLiteBehavior [ RunTime:0.000053s ]
INFO: [ app_init ] --END-- [ RunTime:0.000854s ]
NOTIC: [2] include(./Conf/config.php): failed to open stream: No such file or directory E:\php\www\adminmanage\Application\Home\Conf\config.php 第 11 行.
NOTIC: [2] include(): Failed opening './Conf/config.php' for inclusion (include_path='.;C:\php\pear') E:\php\www\adminmanage\Application\Home\Conf\config.php 第 11 行.
NOTIC: [2] array_merge(): Argument #1 is not an array E:\php\www\adminmanage\Application\Home\Conf\config.php 第 11 行.
INFO: [ app_begin ] --START--
INFO: Run Behavior\ReadHtmlCacheBehavior [ RunTime:0.001960s ]
INFO: [ app_begin ] --END-- [ RunTime:0.002922s ]
INFO: [ view_parse ] --START--
INFO: [ template_filter ] --START--
INFO: Run Behavior\ContentReplaceBehavior [ RunTime:0.000369s ]
INFO: [ template_filter ] --END-- [ RunTime:0.000781s ]
INFO: Run Behavior\ParseTemplateBehavior [ RunTime:0.054963s ]
INFO: [ view_parse ] --END-- [ RunTime:0.055230s ]
INFO: [ view_filter ] --START--
INFO: Run Behavior\WriteHtmlCacheBehavior [ RunTime:0.000781s ]
INFO: [ view_filter ] --END-- [ RunTime:0.001032s ]
INFO: [ app_end ] --START--
INFO: Run Behavior\ShowPageTraceBehavior [ RunTime:0.001573s ]
INFO: [ app_end ] --END-- [ RunTime:0.002185s ]

[ 2016-01-08T21:41:22+08:00 ] 127.0.0.1 /Public/style/default/js/jquery.flexslider.js
INFO: [ app_init ] --START--
INFO: Run Behavior\BuildLiteBehavior [ RunTime:0.000121s ]
INFO: [ app_init ] --END-- [ RunTime:0.001564s ]
NOTIC: [2] include(./Conf/config.php): failed to open stream: No such file or directory E:\php\www\adminmanage\Application\Home\Conf\config.php 第 11 行.
NOTIC: [2] include(): Failed opening './Conf/config.php' for inclusion (include_path='.;C:\php\pear') E:\php\www\adminmanage\Application\Home\Conf\config.php 第 11 行.
NOTIC: [2] array_merge(): Argument #1 is not an array E:\php\www\adminmanage\Application\Home\Conf\config.php 第 11 行.
INFO: [ app_begin ] --START--
INFO: Run Behavior\ReadHtmlCacheBehavior [ RunTime:0.000933s ]
INFO: [ app_begin ] --END-- [ RunTime:0.001250s ]
ERR: 无法加载控制器:Public

[ 2016-01-08T21:41:22+08:00 ] 127.0.0.1 /Public//uploads/2015-12-28/5680a9cb1b9fb.jpg
INFO: [ app_init ] --START--
INFO: Run Behavior\BuildLiteBehavior [ RunTime:0.000092s ]
INFO: [ app_init ] --END-- [ RunTime:0.001361s ]
NOTIC: [2] include(./Conf/config.php): failed to open stream: No such file or directory E:\php\www\adminmanage\Application\Home\Conf\config.php 第 11 行.
NOTIC: [2] include(): Failed opening './Conf/config.php' for inclusion (include_path='.;C:\php\pear') E:\php\www\adminmanage\Application\Home\Conf\config.php 第 11 行.
NOTIC: [2] array_merge(): Argument #1 is not an array E:\php\www\adminmanage\Application\Home\Conf\config.php 第 11 行.

[ 2016-01-08T21:41:22+08:00 ] 127.0.0.1 /Public/style/default/js/jquery.flexslider.js
INFO: [ app_init ] --START--
INFO: Run Behavior\BuildLiteBehavior [ RunTime:0.000090s ]
INFO: [ app_init ] --END-- [ RunTime:0.001225s ]
NOTIC: [2] include(./Conf/config.php): failed to open stream: No such file or directory E:\php\www\adminmanage\Application\Home\Conf\config.php 第 11 行.
NOTIC: [2] include(): Failed opening './Conf/config.php' for inclusion (include_path='.;C:\php\pear') E:\php\www\adminmanage\Application\Home\Conf\config.php 第 11 行.
NOTIC: [2] array_merge(): Argument #1 is not an array E:\php\www\adminmanage\Application\Home\Conf\config.php 第 11 行.
INFO: [ app_begin ] --START--
INFO: Run Behavior\ReadHtmlCacheBehavior [ RunTime:0.000981s ]
INFO: [ app_begin ] --END-- [ RunTime:0.001320s ]
ERR: 无法加载控制器:Public

[ 2016-01-08T21:41:22+08:00 ] 127.0.0.1 /Public//uploads/2015-12-28/5680a9cb1b9fb.jpg
INFO: [ app_init ] --START--
INFO: Run Behavior\BuildLiteBehavior [ RunTime:0.000051s ]
INFO: [ app_init ] --END-- [ RunTime:0.000773s ]
NOTIC: [2] include(./Conf/config.php): failed to open stream: No such file or directory E:\php\www\adminmanage\Application\Home\Conf\config.php 第 11 行.
NOTIC: [2] include(): Failed opening './Conf/config.php' for inclusion (include_path='.;C:\php\pear') E:\php\www\adminmanage\Application\Home\Conf\config.php 第 11 行.
NOTIC: [2] array_merge(): Argument #1 is not an array E:\php\www\adminmanage\Application\Home\Conf\config.php 第 11 行.

[ 2016-01-08T21:41:28+08:00 ] 127.0.0.1 /list/12
INFO: [ app_init ] --START--
INFO: Run Behavior\BuildLiteBehavior [ RunTime:0.000094s ]
INFO: [ app_init ] --END-- [ RunTime:0.001265s ]
NOTIC: [2] include(./Conf/config.php): failed to open stream: No such file or directory E:\php\www\adminmanage\Application\Home\Conf\config.php 第 11 行.
NOTIC: [2] include(): Failed opening './Conf/config.php' for inclusion (include_path='.;C:\php\pear') E:\php\www\adminmanage\Application\Home\Conf\config.php 第 11 行.
NOTIC: [2] array_merge(): Argument #1 is not an array E:\php\www\adminmanage\Application\Home\Conf\config.php 第 11 行.
INFO: [ app_begin ] --START--
INFO: Run Behavior\ReadHtmlCacheBehavior [ RunTime:0.002520s ]
INFO: [ app_begin ] --END-- [ RunTime:0.003148s ]
INFO: [ view_parse ] --START--
INFO: [ template_filter ] --START--
INFO: Run Behavior\ContentReplaceBehavior [ RunTime:0.000480s ]
INFO: [ template_filter ] --END-- [ RunTime:0.001037s ]
INFO: Run Behavior\ParseTemplateBehavior [ RunTime:0.065501s ]
INFO: [ view_parse ] --END-- [ RunTime:0.065892s ]
INFO: [ view_filter ] --START--
INFO: Run Behavior\WriteHtmlCacheBehavior [ RunTime:0.000929s ]
INFO: [ view_filter ] --END-- [ RunTime:0.001174s ]
INFO: [ app_end ] --START--
INFO: Run Behavior\ShowPageTraceBehavior [ RunTime:0.001774s ]
INFO: [ app_end ] --END-- [ RunTime:0.002454s ]

[ 2016-01-08T21:41:28+08:00 ] 127.0.0.1 /Public/style/default/js/jquery.flexslider.js
INFO: [ app_init ] --START--
INFO: Run Behavior\BuildLiteBehavior [ RunTime:0.000154s ]
INFO: [ app_init ] --END-- [ RunTime:0.001333s ]
NOTIC: [2] include(./Conf/config.php): failed to open stream: No such file or directory E:\php\www\adminmanage\Application\Home\Conf\config.php 第 11 行.
NOTIC: [2] include(): Failed opening './Conf/config.php' for inclusion (include_path='.;C:\php\pear') E:\php\www\adminmanage\Application\Home\Conf\config.php 第 11 行.
NOTIC: [2] array_merge(): Argument #1 is not an array E:\php\www\adminmanage\Application\Home\Conf\config.php 第 11 行.
INFO: [ app_begin ] --START--
INFO: Run Behavior\ReadHtmlCacheBehavior [ RunTime:0.001460s ]
INFO: [ app_begin ] --END-- [ RunTime:0.001993s ]
ERR: 无法加载控制器:Public

[ 2016-01-08T21:41:28+08:00 ] 127.0.0.1 /Public//uploads/2015-12-28/5680a9cb1b9fb.jpg
INFO: [ app_init ] --START--
INFO: Run Behavior\BuildLiteBehavior [ RunTime:0.000088s ]
INFO: [ app_init ] --END-- [ RunTime:0.001977s ]
NOTIC: [2] include(./Conf/config.php): failed to open stream: No such file or directory E:\php\www\adminmanage\Application\Home\Conf\config.php 第 11 行.
NOTIC: [2] include(): Failed opening './Conf/config.php' for inclusion (include_path='.;C:\php\pear') E:\php\www\adminmanage\Application\Home\Conf\config.php 第 11 行.
NOTIC: [2] array_merge(): Argument #1 is not an array E:\php\www\adminmanage\Application\Home\Conf\config.php 第 11 行.

[ 2016-01-08T21:41:29+08:00 ] 127.0.0.1 /Public/style/default/js/jquery.flexslider.js
INFO: [ app_init ] --START--
INFO: Run Behavior\BuildLiteBehavior [ RunTime:0.000147s ]
INFO: [ app_init ] --END-- [ RunTime:0.001342s ]
NOTIC: [2] include(./Conf/config.php): failed to open stream: No such file or directory E:\php\www\adminmanage\Application\Home\Conf\config.php 第 11 行.
NOTIC: [2] include(): Failed opening './Conf/config.php' for inclusion (include_path='.;C:\php\pear') E:\php\www\adminmanage\Application\Home\Conf\config.php 第 11 行.
NOTIC: [2] array_merge(): Argument #1 is not an array E:\php\www\adminmanage\Application\Home\Conf\config.php 第 11 行.
INFO: [ app_begin ] --START--
INFO: Run Behavior\ReadHtmlCacheBehavior [ RunTime:0.002805s ]
INFO: [ app_begin ] --END-- [ RunTime:0.003422s ]
ERR: 无法加载控制器:Public

[ 2016-01-08T21:41:29+08:00 ] 127.0.0.1 /Public//uploads/2015-12-28/5680a9cb1b9fb.jpg
INFO: [ app_init ] --START--
INFO: Run Behavior\BuildLiteBehavior [ RunTime:0.000072s ]
INFO: [ app_init ] --END-- [ RunTime:0.001252s ]
NOTIC: [2] include(./Conf/config.php): failed to open stream: No such file or directory E:\php\www\adminmanage\Application\Home\Conf\config.php 第 11 行.
NOTIC: [2] include(): Failed opening './Conf/config.php' for inclusion (include_path='.;C:\php\pear') E:\php\www\adminmanage\Application\Home\Conf\config.php 第 11 行.
NOTIC: [2] array_merge(): Argument #1 is not an array E:\php\www\adminmanage\Application\Home\Conf\config.php 第 11 行.

[ 2016-01-08T21:41:35+08:00 ] 127.0.0.1 /slackck/index.php/Home/Index/news_list/c_id/5.html
INFO: [ app_init ] --START--
INFO: Run Behavior\BuildLiteBehavior [ RunTime:0.000073s ]
INFO: [ app_init ] --END-- [ RunTime:0.000850s ]
NOTIC: [2] include(./Conf/config.php): failed to open stream: No such file or directory E:\php\www\adminmanage\Application\Home\Conf\config.php 第 11 行.
NOTIC: [2] include(): Failed opening './Conf/config.php' for inclusion (include_path='.;C:\php\pear') E:\php\www\adminmanage\Application\Home\Conf\config.php 第 11 行.
NOTIC: [2] array_merge(): Argument #1 is not an array E:\php\www\adminmanage\Application\Home\Conf\config.php 第 11 行.
INFO: [ app_begin ] --START--
INFO: Run Behavior\ReadHtmlCacheBehavior [ RunTime:0.000912s ]
INFO: [ app_begin ] --END-- [ RunTime:0.001289s ]
ERR: 无法加载控制器:Slackck

[ 2016-01-08T21:41:43+08:00 ] 127.0.0.1 /Public/style/default/js/jquery.flexslider.js
INFO: [ app_init ] --START--
INFO: Run Behavior\BuildLiteBehavior [ RunTime:0.000050s ]
INFO: [ app_init ] --END-- [ RunTime:0.000752s ]
NOTIC: [2] include(./Conf/config.php): failed to open stream: No such file or directory E:\php\www\adminmanage\Application\Home\Conf\config.php 第 11 行.
NOTIC: [2] include(): Failed opening './Conf/config.php' for inclusion (include_path='.;C:\php\pear') E:\php\www\adminmanage\Application\Home\Conf\config.php 第 11 行.
NOTIC: [2] array_merge(): Argument #1 is not an array E:\php\www\adminmanage\Application\Home\Conf\config.php 第 11 行.
INFO: [ app_begin ] --START--
INFO: Run Behavior\ReadHtmlCacheBehavior [ RunTime:0.000940s ]
INFO: [ app_begin ] --END-- [ RunTime:0.001355s ]
ERR: 无法加载控制器:Public

[ 2016-01-08T21:41:43+08:00 ] 127.0.0.1 /Public/style/default/js/jquery.flexslider.js
INFO: [ app_init ] --START--
INFO: Run Behavior\BuildLiteBehavior [ RunTime:0.000053s ]
INFO: [ app_init ] --END-- [ RunTime:0.001000s ]
NOTIC: [2] include(./Conf/config.php): failed to open stream: No such file or directory E:\php\www\adminmanage\Application\Home\Conf\config.php 第 11 行.
NOTIC: [2] include(): Failed opening './Conf/config.php' for inclusion (include_path='.;C:\php\pear') E:\php\www\adminmanage\Application\Home\Conf\config.php 第 11 行.
NOTIC: [2] array_merge(): Argument #1 is not an array E:\php\www\adminmanage\Application\Home\Conf\config.php 第 11 行.
INFO: [ app_begin ] --START--
INFO: Run Behavior\ReadHtmlCacheBehavior [ RunTime:0.003954s ]
INFO: [ app_begin ] --END-- [ RunTime:0.005221s ]
ERR: 无法加载控制器:Public

[ 2016-01-08T21:50:01+08:00 ] 127.0.0.1 /Public/assets/js/jquery.min.map
INFO: [ app_init ] --START--
INFO: Run Behavior\BuildLiteBehavior [ RunTime:0.000084s ]
INFO: [ app_init ] --END-- [ RunTime:0.001014s ]
NOTIC: [2] include(./Conf/config.php): failed to open stream: No such file or directory E:\php\www\adminmanage\Application\Home\Conf\config.php 第 11 行.
NOTIC: [2] include(): Failed opening './Conf/config.php' for inclusion (include_path='.;C:\php\pear') E:\php\www\adminmanage\Application\Home\Conf\config.php 第 11 行.
NOTIC: [2] array_merge(): Argument #1 is not an array E:\php\www\adminmanage\Application\Home\Conf\config.php 第 11 行.
INFO: [ app_begin ] --START--
INFO: Run Behavior\ReadHtmlCacheBehavior [ RunTime:0.002485s ]
INFO: [ app_begin ] --END-- [ RunTime:0.003582s ]
ERR: 无法加载控制器:Public

[ 2016-01-08T21:51:46+08:00 ] 127.0.0.1 /Public/assets/js/jquery.min.map
INFO: [ app_init ] --START--
INFO: Run Behavior\BuildLiteBehavior [ RunTime:0.000052s ]
INFO: [ app_init ] --END-- [ RunTime:0.000962s ]
NOTIC: [2] include(./Conf/config.php): failed to open stream: No such file or directory E:\php\www\adminmanage\Application\Home\Conf\config.php 第 11 行.
NOTIC: [2] include(): Failed opening './Conf/config.php' for inclusion (include_path='.;C:\php\pear') E:\php\www\adminmanage\Application\Home\Conf\config.php 第 11 行.
NOTIC: [2] array_merge(): Argument #1 is not an array E:\php\www\adminmanage\Application\Home\Conf\config.php 第 11 行.
INFO: [ app_begin ] --START--
INFO: Run Behavior\ReadHtmlCacheBehavior [ RunTime:0.000782s ]
INFO: [ app_begin ] --END-- [ RunTime:0.001017s ]
ERR: 无法加载控制器:Public

[ 2016-01-08T21:51:51+08:00 ] 127.0.0.1 /Public/assets/js/jquery.min.map
INFO: [ app_init ] --START--
INFO: Run Behavior\BuildLiteBehavior [ RunTime:0.000098s ]
INFO: [ app_init ] --END-- [ RunTime:0.001670s ]
NOTIC: [2] include(./Conf/config.php): failed to open stream: No such file or directory E:\php\www\adminmanage\Application\Home\Conf\config.php 第 11 行.
NOTIC: [2] include(): Failed opening './Conf/config.php' for inclusion (include_path='.;C:\php\pear') E:\php\www\adminmanage\Application\Home\Conf\config.php 第 11 行.
NOTIC: [2] array_merge(): Argument #1 is not an array E:\php\www\adminmanage\Application\Home\Conf\config.php 第 11 行.
INFO: [ app_begin ] --START--
INFO: Run Behavior\ReadHtmlCacheBehavior [ RunTime:0.001128s ]
INFO: [ app_begin ] --END-- [ RunTime:0.001639s ]
ERR: 无法加载控制器:Public

[ 2016-01-08T21:52:09+08:00 ] 127.0.0.1 /Public/assets/js/jquery.min.map
INFO: [ app_init ] --START--
INFO: Run Behavior\BuildLiteBehavior [ RunTime:0.000097s ]
INFO: [ app_init ] --END-- [ RunTime:0.001147s ]
NOTIC: [2] include(./Conf/config.php): failed to open stream: No such file or directory E:\php\www\adminmanage\Application\Home\Conf\config.php 第 11 行.
NOTIC: [2] include(): Failed opening './Conf/config.php' for inclusion (include_path='.;C:\php\pear') E:\php\www\adminmanage\Application\Home\Conf\config.php 第 11 行.
NOTIC: [2] array_merge(): Argument #1 is not an array E:\php\www\adminmanage\Application\Home\Conf\config.php 第 11 行.
INFO: [ app_begin ] --START--
INFO: Run Behavior\ReadHtmlCacheBehavior [ RunTime:0.000780s ]
INFO: [ app_begin ] --END-- [ RunTime:0.001017s ]
ERR: 无法加载控制器:Public

[ 2016-01-08T21:52:21+08:00 ] 127.0.0.1 /Public/assets/js/jquery.min.map
INFO: [ app_init ] --START--
INFO: Run Behavior\BuildLiteBehavior [ RunTime:0.000051s ]
INFO: [ app_init ] --END-- [ RunTime:0.000791s ]
NOTIC: [2] include(./Conf/config.php): failed to open stream: No such file or directory E:\php\www\adminmanage\Application\Home\Conf\config.php 第 11 行.
NOTIC: [2] include(): Failed opening './Conf/config.php' for inclusion (include_path='.;C:\php\pear') E:\php\www\adminmanage\Application\Home\Conf\config.php 第 11 行.
NOTIC: [2] array_merge(): Argument #1 is not an array E:\php\www\adminmanage\Application\Home\Conf\config.php 第 11 行.
INFO: [ app_begin ] --START--
INFO: Run Behavior\ReadHtmlCacheBehavior [ RunTime:0.000852s ]
INFO: [ app_begin ] --END-- [ RunTime:0.001212s ]
ERR: 无法加载控制器:Public

[ 2016-01-08T21:52:25+08:00 ] 127.0.0.1 /Public/assets/js/jquery.min.map
INFO: [ app_init ] --START--
INFO: Run Behavior\BuildLiteBehavior [ RunTime:0.000097s ]
INFO: [ app_init ] --END-- [ RunTime:0.001682s ]
NOTIC: [2] include(./Conf/config.php): failed to open stream: No such file or directory E:\php\www\adminmanage\Application\Home\Conf\config.php 第 11 行.
NOTIC: [2] include(): Failed opening './Conf/config.php' for inclusion (include_path='.;C:\php\pear') E:\php\www\adminmanage\Application\Home\Conf\config.php 第 11 行.
NOTIC: [2] array_merge(): Argument #1 is not an array E:\php\www\adminmanage\Application\Home\Conf\config.php 第 11 行.
INFO: [ app_begin ] --START--
INFO: Run Behavior\ReadHtmlCacheBehavior [ RunTime:0.001150s ]
INFO: [ app_begin ] --END-- [ RunTime:0.001605s ]
ERR: 无法加载控制器:Public

[ 2016-01-08T21:57:03+08:00 ] 127.0.0.1 /Public/assets/js/jquery.min.map
INFO: [ app_init ] --START--
INFO: Run Behavior\BuildLiteBehavior [ RunTime:0.000072s ]
INFO: [ app_init ] --END-- [ RunTime:0.001054s ]
NOTIC: [2] include(./Conf/config.php): failed to open stream: No such file or directory E:\php\www\adminmanage\Application\Home\Conf\config.php 第 11 行.
NOTIC: [2] include(): Failed opening './Conf/config.php' for inclusion (include_path='.;C:\php\pear') E:\php\www\adminmanage\Application\Home\Conf\config.php 第 11 行.
NOTIC: [2] array_merge(): Argument #1 is not an array E:\php\www\adminmanage\Application\Home\Conf\config.php 第 11 行.
INFO: [ app_begin ] --START--
INFO: Run Behavior\ReadHtmlCacheBehavior [ RunTime:0.001196s ]
INFO: [ app_begin ] --END-- [ RunTime:0.001700s ]
ERR: 无法加载控制器:Public

[ 2016-01-08T22:00:27+08:00 ] 127.0.0.1 /Public/assets/js/jquery.min.map
INFO: [ app_init ] --START--
INFO: Run Behavior\BuildLiteBehavior [ RunTime:0.000092s ]
INFO: [ app_init ] --END-- [ RunTime:0.001416s ]
NOTIC: [2] include(./Conf/config.php): failed to open stream: No such file or directory E:\php\www\adminmanage\Application\Home\Conf\config.php 第 11 行.
NOTIC: [2] include(): Failed opening './Conf/config.php' for inclusion (include_path='.;C:\php\pear') E:\php\www\adminmanage\Application\Home\Conf\config.php 第 11 行.
NOTIC: [2] array_merge(): Argument #1 is not an array E:\php\www\adminmanage\Application\Home\Conf\config.php 第 11 行.
INFO: [ app_begin ] --START--
INFO: Run Behavior\ReadHtmlCacheBehavior [ RunTime:0.001288s ]
INFO: [ app_begin ] --END-- [ RunTime:0.001738s ]
ERR: 无法加载控制器:Public

[ 2016-01-08T22:11:54+08:00 ] 127.0.0.1 /Public/assets/js/jquery.min.map
INFO: [ app_init ] --START--
INFO: Run Behavior\BuildLiteBehavior [ RunTime:0.000115s ]
INFO: [ app_init ] --END-- [ RunTime:0.001427s ]
NOTIC: [2] include(./Conf/config.php): failed to open stream: No such file or directory E:\php\www\adminmanage\Application\Home\Conf\config.php 第 11 行.
NOTIC: [2] include(): Failed opening './Conf/config.php' for inclusion (include_path='.;C:\php\pear') E:\php\www\adminmanage\Application\Home\Conf\config.php 第 11 行.
NOTIC: [2] array_merge(): Argument #1 is not an array E:\php\www\adminmanage\Application\Home\Conf\config.php 第 11 行.
INFO: [ app_begin ] --START--
INFO: Run Behavior\ReadHtmlCacheBehavior [ RunTime:0.001212s ]
INFO: [ app_begin ] --END-- [ RunTime:0.001693s ]
ERR: 无法加载控制器:Public

[ 2016-01-08T22:14:48+08:00 ] 127.0.0.1 /Public/assets/js/jquery.min.map
INFO: [ app_init ] --START--
INFO: Run Behavior\BuildLiteBehavior [ RunTime:0.000096s ]
INFO: [ app_init ] --END-- [ RunTime:0.001286s ]
NOTIC: [2] include(./Conf/config.php): failed to open stream: No such file or directory E:\php\www\adminmanage\Application\Home\Conf\config.php 第 11 行.
NOTIC: [2] include(): Failed opening './Conf/config.php' for inclusion (include_path='.;C:\php\pear') E:\php\www\adminmanage\Application\Home\Conf\config.php 第 11 行.
NOTIC: [2] array_merge(): Argument #1 is not an array E:\php\www\adminmanage\Application\Home\Conf\config.php 第 11 行.
INFO: [ app_begin ] --START--
INFO: Run Behavior\ReadHtmlCacheBehavior [ RunTime:0.001468s ]
INFO: [ app_begin ] --END-- [ RunTime:0.001941s ]
ERR: 无法加载控制器:Public

[ 2016-01-08T22:15:07+08:00 ] 127.0.0.1 /Public/assets/js/jquery.min.map
INFO: [ app_init ] --START--
INFO: Run Behavior\BuildLiteBehavior [ RunTime:0.000053s ]
INFO: [ app_init ] --END-- [ RunTime:0.000772s ]
NOTIC: [2] include(./Conf/config.php): failed to open stream: No such file or directory E:\php\www\adminmanage\Application\Home\Conf\config.php 第 11 行.
NOTIC: [2] include(): Failed opening './Conf/config.php' for inclusion (include_path='.;C:\php\pear') E:\php\www\adminmanage\Application\Home\Conf\config.php 第 11 行.
NOTIC: [2] array_merge(): Argument #1 is not an array E:\php\www\adminmanage\Application\Home\Conf\config.php 第 11 行.
INFO: [ app_begin ] --START--
INFO: Run Behavior\ReadHtmlCacheBehavior [ RunTime:0.000763s ]
INFO: [ app_begin ] --END-- [ RunTime:0.000995s ]
ERR: 无法加载控制器:Public

[ 2016-01-08T22:27:13+08:00 ] 127.0.0.1 /Public/assets/js/jquery.min.map
INFO: [ app_init ] --START--
INFO: Run Behavior\BuildLiteBehavior [ RunTime:0.001089s ]
INFO: [ app_init ] --END-- [ RunTime:0.004894s ]
NOTIC: [2] include(./Conf/config.php): failed to open stream: No such file or directory E:\php\www\adminmanage\Application\Home\Conf\config.php 第 11 行.
NOTIC: [2] include(): Failed opening './Conf/config.php' for inclusion (include_path='.;C:\php\pear') E:\php\www\adminmanage\Application\Home\Conf\config.php 第 11 行.
NOTIC: [2] array_merge(): Argument #1 is not an array E:\php\www\adminmanage\Application\Home\Conf\config.php 第 11 行.
INFO: [ app_begin ] --START--
INFO: Run Behavior\ReadHtmlCacheBehavior [ RunTime:0.001244s ]
INFO: [ app_begin ] --END-- [ RunTime:0.003216s ]
ERR: 无法加载控制器:Public

[ 2016-01-08T22:59:43+08:00 ] 127.0.0.1 /Public/assets/js/jquery.leanModal.min.js
INFO: [ app_init ] --START--
INFO: Run Behavior\BuildLiteBehavior [ RunTime:0.000089s ]
INFO: [ app_init ] --END-- [ RunTime:0.001299s ]
NOTIC: [2] include(./Conf/config.php): failed to open stream: No such file or directory E:\php\www\adminmanage\Application\Home\Conf\config.php 第 11 行.
NOTIC: [2] include(): Failed opening './Conf/config.php' for inclusion (include_path='.;C:\php\pear') E:\php\www\adminmanage\Application\Home\Conf\config.php 第 11 行.
NOTIC: [2] array_merge(): Argument #1 is not an array E:\php\www\adminmanage\Application\Home\Conf\config.php 第 11 行.
INFO: [ app_begin ] --START--
INFO: Run Behavior\ReadHtmlCacheBehavior [ RunTime:0.001599s ]
INFO: [ app_begin ] --END-- [ RunTime:0.002293s ]
ERR: 无法加载控制器:Public

[ 2016-01-08T22:59:43+08:00 ] 127.0.0.1 /Public/assets/avatars/avatar.png
INFO: [ app_init ] --START--
INFO: Run Behavior\BuildLiteBehavior [ RunTime:0.000103s ]
INFO: [ app_init ] --END-- [ RunTime:0.001514s ]
NOTIC: [2] include(./Conf/config.php): failed to open stream: No such file or directory E:\php\www\adminmanage\Application\Home\Conf\config.php 第 11 行.
NOTIC: [2] include(): Failed opening './Conf/config.php' for inclusion (include_path='.;C:\php\pear') E:\php\www\adminmanage\Application\Home\Conf\config.php 第 11 行.
NOTIC: [2] array_merge(): Argument #1 is not an array E:\php\www\adminmanage\Application\Home\Conf\config.php 第 11 行.

[ 2016-01-08T22:59:43+08:00 ] 127.0.0.1 /Public/assets/avatars/avatar3.png
INFO: [ app_init ] --START--
INFO: Run Behavior\BuildLiteBehavior [ RunTime:0.000110s ]
INFO: [ app_init ] --END-- [ RunTime:0.003370s ]
NOTIC: [2] include(./Conf/config.php): failed to open stream: No such file or directory E:\php\www\adminmanage\Application\Home\Conf\config.php 第 11 行.
NOTIC: [2] include(): Failed opening './Conf/config.php' for inclusion (include_path='.;C:\php\pear') E:\php\www\adminmanage\Application\Home\Conf\config.php 第 11 行.
NOTIC: [2] array_merge(): Argument #1 is not an array E:\php\www\adminmanage\Application\Home\Conf\config.php 第 11 行.

[ 2016-01-08T22:59:43+08:00 ] 127.0.0.1 /Public/assets/avatars/avatar4.png
INFO: [ app_init ] --START--
INFO: Run Behavior\BuildLiteBehavior [ RunTime:0.000105s ]
INFO: [ app_init ] --END-- [ RunTime:0.001506s ]
NOTIC: [2] include(./Conf/config.php): failed to open stream: No such file or directory E:\php\www\adminmanage\Application\Home\Conf\config.php 第 11 行.
NOTIC: [2] include(): Failed opening './Conf/config.php' for inclusion (include_path='.;C:\php\pear') E:\php\www\adminmanage\Application\Home\Conf\config.php 第 11 行.
NOTIC: [2] array_merge(): Argument #1 is not an array E:\php\www\adminmanage\Application\Home\Conf\config.php 第 11 行.

[ 2016-01-08T22:59:43+08:00 ] 127.0.0.1 /Public/assets/avatars/avatar5.png
INFO: [ app_init ] --START--
INFO: Run Behavior\BuildLiteBehavior [ RunTime:0.000138s ]
INFO: [ app_init ] --END-- [ RunTime:0.001385s ]
NOTIC: [2] include(./Conf/config.php): failed to open stream: No such file or directory E:\php\www\adminmanage\Application\Home\Conf\config.php 第 11 行.
NOTIC: [2] include(): Failed opening './Conf/config.php' for inclusion (include_path='.;C:\php\pear') E:\php\www\adminmanage\Application\Home\Conf\config.php 第 11 行.
NOTIC: [2] array_merge(): Argument #1 is not an array E:\php\www\adminmanage\Application\Home\Conf\config.php 第 11 行.

[ 2016-01-08T22:59:43+08:00 ] 127.0.0.1 /Public/assets/avatars/avatar2.png
INFO: [ app_init ] --START--
INFO: Run Behavior\BuildLiteBehavior [ RunTime:0.000082s ]
INFO: [ app_init ] --END-- [ RunTime:0.001274s ]
NOTIC: [2] include(./Conf/config.php): failed to open stream: No such file or directory E:\php\www\adminmanage\Application\Home\Conf\config.php 第 11 行.
NOTIC: [2] include(): Failed opening './Conf/config.php' for inclusion (include_path='.;C:\php\pear') E:\php\www\adminmanage\Application\Home\Conf\config.php 第 11 行.
NOTIC: [2] array_merge(): Argument #1 is not an array E:\php\www\adminmanage\Application\Home\Conf\config.php 第 11 行.

[ 2016-01-08T22:59:43+08:00 ] 127.0.0.1 /Public/assets/js/jquery.leanModal.min.js
INFO: [ app_init ] --START--
INFO: Run Behavior\BuildLiteBehavior [ RunTime:0.000085s ]
INFO: [ app_init ] --END-- [ RunTime:0.001086s ]
NOTIC: [2] include(./Conf/config.php): failed to open stream: No such file or directory E:\php\www\adminmanage\Application\Home\Conf\config.php 第 11 行.
NOTIC: [2] include(): Failed opening './Conf/config.php' for inclusion (include_path='.;C:\php\pear') E:\php\www\adminmanage\Application\Home\Conf\config.php 第 11 行.
NOTIC: [2] array_merge(): Argument #1 is not an array E:\php\www\adminmanage\Application\Home\Conf\config.php 第 11 行.
INFO: [ app_begin ] --START--
INFO: Run Behavior\ReadHtmlCacheBehavior [ RunTime:0.001332s ]
INFO: [ app_begin ] --END-- [ RunTime:0.001975s ]
ERR: 无法加载控制器:Public

[ 2016-01-08T22:59:43+08:00 ] 127.0.0.1 /Public/assets/avatars/avatar.png
INFO: [ app_init ] --START--
INFO: Run Behavior\BuildLiteBehavior [ RunTime:0.000102s ]
INFO: [ app_init ] --END-- [ RunTime:0.001171s ]
NOTIC: [2] include(./Conf/config.php): failed to open stream: No such file or directory E:\php\www\adminmanage\Application\Home\Conf\config.php 第 11 行.
NOTIC: [2] include(): Failed opening './Conf/config.php' for inclusion (include_path='.;C:\php\pear') E:\php\www\adminmanage\Application\Home\Conf\config.php 第 11 行.
NOTIC: [2] array_merge(): Argument #1 is not an array E:\php\www\adminmanage\Application\Home\Conf\config.php 第 11 行.

[ 2016-01-08T22:59:44+08:00 ] 127.0.0.1 /Public/assets/avatars/avatar2.png
INFO: [ app_init ] --START--
INFO: Run Behavior\BuildLiteBehavior [ RunTime:0.000086s ]
INFO: [ app_init ] --END-- [ RunTime:0.001120s ]
NOTIC: [2] include(./Conf/config.php): failed to open stream: No such file or directory E:\php\www\adminmanage\Application\Home\Conf\config.php 第 11 行.
NOTIC: [2] include(): Failed opening './Conf/config.php' for inclusion (include_path='.;C:\php\pear') E:\php\www\adminmanage\Application\Home\Conf\config.php 第 11 行.
NOTIC: [2] array_merge(): Argument #1 is not an array E:\php\www\adminmanage\Application\Home\Conf\config.php 第 11 行.

[ 2016-01-08T22:59:44+08:00 ] 127.0.0.1 /Public/assets/avatars/avatar5.png
INFO: [ app_init ] --START--
INFO: Run Behavior\BuildLiteBehavior [ RunTime:0.000097s ]
INFO: [ app_init ] --END-- [ RunTime:0.001187s ]
NOTIC: [2] include(./Conf/config.php): failed to open stream: No such file or directory E:\php\www\adminmanage\Application\Home\Conf\config.php 第 11 行.
NOTIC: [2] include(): Failed opening './Conf/config.php' for inclusion (include_path='.;C:\php\pear') E:\php\www\adminmanage\Application\Home\Conf\config.php 第 11 行.
NOTIC: [2] array_merge(): Argument #1 is not an array E:\php\www\adminmanage\Application\Home\Conf\config.php 第 11 行.

[ 2016-01-08T22:59:44+08:00 ] 127.0.0.1 /Public/assets/js/jquery.min.map
INFO: [ app_init ] --START--
INFO: Run Behavior\BuildLiteBehavior [ RunTime:0.000091s ]
INFO: [ app_init ] --END-- [ RunTime:0.001334s ]
NOTIC: [2] include(./Conf/config.php): failed to open stream: No such file or directory E:\php\www\adminmanage\Application\Home\Conf\config.php 第 11 行.
NOTIC: [2] include(): Failed opening './Conf/config.php' for inclusion (include_path='.;C:\php\pear') E:\php\www\adminmanage\Application\Home\Conf\config.php 第 11 行.
NOTIC: [2] array_merge(): Argument #1 is not an array E:\php\www\adminmanage\Application\Home\Conf\config.php 第 11 行.
INFO: [ app_begin ] --START--
INFO: Run Behavior\ReadHtmlCacheBehavior [ RunTime:0.001209s ]
INFO: [ app_begin ] --END-- [ RunTime:0.001686s ]
ERR: 无法加载控制器:Public

[ 2016-01-08T22:59:44+08:00 ] 127.0.0.1 /Public/assets/avatars/avatar3.png
INFO: [ app_init ] --START--
INFO: Run Behavior\BuildLiteBehavior [ RunTime:0.000162s ]
INFO: [ app_init ] --END-- [ RunTime:0.001322s ]
NOTIC: [2] include(./Conf/config.php): failed to open stream: No such file or directory E:\php\www\adminmanage\Application\Home\Conf\config.php 第 11 行.
NOTIC: [2] include(): Failed opening './Conf/config.php' for inclusion (include_path='.;C:\php\pear') E:\php\www\adminmanage\Application\Home\Conf\config.php 第 11 行.
NOTIC: [2] array_merge(): Argument #1 is not an array E:\php\www\adminmanage\Application\Home\Conf\config.php 第 11 行.

[ 2016-01-08T22:59:44+08:00 ] 127.0.0.1 /Public/assets/avatars/avatar4.png
INFO: [ app_init ] --START--
INFO: Run Behavior\BuildLiteBehavior [ RunTime:0.000086s ]
INFO: [ app_init ] --END-- [ RunTime:0.001126s ]
NOTIC: [2] include(./Conf/config.php): failed to open stream: No such file or directory E:\php\www\adminmanage\Application\Home\Conf\config.php 第 11 行.
NOTIC: [2] include(): Failed opening './Conf/config.php' for inclusion (include_path='.;C:\php\pear') E:\php\www\adminmanage\Application\Home\Conf\config.php 第 11 行.
NOTIC: [2] array_merge(): Argument #1 is not an array E:\php\www\adminmanage\Application\Home\Conf\config.php 第 11 行.

[ 2016-01-08T23:00:32+08:00 ] 127.0.0.1 /Public/assets/js/jquery.leanModal.min.js
INFO: [ app_init ] --START--
INFO: Run Behavior\BuildLiteBehavior [ RunTime:0.000084s ]
INFO: [ app_init ] --END-- [ RunTime:0.001093s ]
NOTIC: [2] include(./Conf/config.php): failed to open stream: No such file or directory E:\php\www\adminmanage\Application\Home\Conf\config.php 第 11 行.
NOTIC: [2] include(): Failed opening './Conf/config.php' for inclusion (include_path='.;C:\php\pear') E:\php\www\adminmanage\Application\Home\Conf\config.php 第 11 行.
NOTIC: [2] array_merge(): Argument #1 is not an array E:\php\www\adminmanage\Application\Home\Conf\config.php 第 11 行.
INFO: [ app_begin ] --START--
INFO: Run Behavior\ReadHtmlCacheBehavior [ RunTime:0.001269s ]
INFO: [ app_begin ] --END-- [ RunTime:0.001746s ]
ERR: 无法加载控制器:Public

[ 2016-01-08T23:00:32+08:00 ] 127.0.0.1 /Public/assets/avatars/avatar4.png
INFO: [ app_init ] --START--
INFO: Run Behavior\BuildLiteBehavior [ RunTime:0.000175s ]
INFO: [ app_init ] --END-- [ RunTime:0.001223s ]
NOTIC: [2] include(./Conf/config.php): failed to open stream: No such file or directory E:\php\www\adminmanage\Application\Home\Conf\config.php 第 11 行.
NOTIC: [2] include(): Failed opening './Conf/config.php' for inclusion (include_path='.;C:\php\pear') E:\php\www\adminmanage\Application\Home\Conf\config.php 第 11 行.
NOTIC: [2] array_merge(): Argument #1 is not an array E:\php\www\adminmanage\Application\Home\Conf\config.php 第 11 行.

[ 2016-01-08T23:00:32+08:00 ] 127.0.0.1 /Public/assets/avatars/avatar2.png
INFO: [ app_init ] --START--
INFO: Run Behavior\BuildLiteBehavior [ RunTime:0.000086s ]
INFO: [ app_init ] --END-- [ RunTime:0.001138s ]
NOTIC: [2] include(./Conf/config.php): failed to open stream: No such file or directory E:\php\www\adminmanage\Application\Home\Conf\config.php 第 11 行.
NOTIC: [2] include(): Failed opening './Conf/config.php' for inclusion (include_path='.;C:\php\pear') E:\php\www\adminmanage\Application\Home\Conf\config.php 第 11 行.
NOTIC: [2] array_merge(): Argument #1 is not an array E:\php\www\adminmanage\Application\Home\Conf\config.php 第 11 行.

[ 2016-01-08T23:00:32+08:00 ] 127.0.0.1 /Public/assets/avatars/avatar5.png
INFO: [ app_init ] --START--
INFO: Run Behavior\BuildLiteBehavior [ RunTime:0.000081s ]
INFO: [ app_init ] --END-- [ RunTime:0.001117s ]
NOTIC: [2] include(./Conf/config.php): failed to open stream: No such file or directory E:\php\www\adminmanage\Application\Home\Conf\config.php 第 11 行.
NOTIC: [2] include(): Failed opening './Conf/config.php' for inclusion (include_path='.;C:\php\pear') E:\php\www\adminmanage\Application\Home\Conf\config.php 第 11 行.
NOTIC: [2] array_merge(): Argument #1 is not an array E:\php\www\adminmanage\Application\Home\Conf\config.php 第 11 行.

[ 2016-01-08T23:00:33+08:00 ] 127.0.0.1 /Public/assets/avatars/avatar.png
INFO: [ app_init ] --START--
INFO: Run Behavior\BuildLiteBehavior [ RunTime:0.000100s ]
INFO: [ app_init ] --END-- [ RunTime:0.002512s ]
NOTIC: [2] include(./Conf/config.php): failed to open stream: No such file or directory E:\php\www\adminmanage\Application\Home\Conf\config.php 第 11 行.
NOTIC: [2] include(): Failed opening './Conf/config.php' for inclusion (include_path='.;C:\php\pear') E:\php\www\adminmanage\Application\Home\Conf\config.php 第 11 行.
NOTIC: [2] array_merge(): Argument #1 is not an array E:\php\www\adminmanage\Application\Home\Conf\config.php 第 11 行.

[ 2016-01-08T23:00:33+08:00 ] 127.0.0.1 /Public/assets/avatars/avatar3.png
INFO: [ app_init ] --START--
INFO: Run Behavior\BuildLiteBehavior [ RunTime:0.000094s ]
INFO: [ app_init ] --END-- [ RunTime:0.026747s ]
NOTIC: [2] include(./Conf/config.php): failed to open stream: No such file or directory E:\php\www\adminmanage\Application\Home\Conf\config.php 第 11 行.
NOTIC: [2] include(): Failed opening './Conf/config.php' for inclusion (include_path='.;C:\php\pear') E:\php\www\adminmanage\Application\Home\Conf\config.php 第 11 行.
NOTIC: [2] array_merge(): Argument #1 is not an array E:\php\www\adminmanage\Application\Home\Conf\config.php 第 11 行.

[ 2016-01-08T23:00:33+08:00 ] 127.0.0.1 /Public/assets/js/jquery.leanModal.min.js
INFO: [ app_init ] --START--
INFO: Run Behavior\BuildLiteBehavior [ RunTime:0.000050s ]
INFO: [ app_init ] --END-- [ RunTime:0.000717s ]
NOTIC: [2] include(./Conf/config.php): failed to open stream: No such file or directory E:\php\www\adminmanage\Application\Home\Conf\config.php 第 11 行.
NOTIC: [2] include(): Failed opening './Conf/config.php' for inclusion (include_path='.;C:\php\pear') E:\php\www\adminmanage\Application\Home\Conf\config.php 第 11 行.
NOTIC: [2] array_merge(): Argument #1 is not an array E:\php\www\adminmanage\Application\Home\Conf\config.php 第 11 行.
INFO: [ app_begin ] --START--
INFO: Run Behavior\ReadHtmlCacheBehavior [ RunTime:0.001328s ]
INFO: [ app_begin ] --END-- [ RunTime:0.001811s ]
ERR: 无法加载控制器:Public

[ 2016-01-08T23:00:33+08:00 ] 127.0.0.1 /Public/assets/avatars/avatar2.png
INFO: [ app_init ] --START--
INFO: Run Behavior\BuildLiteBehavior [ RunTime:0.000088s ]
INFO: [ app_init ] --END-- [ RunTime:0.001119s ]
NOTIC: [2] include(./Conf/config.php): failed to open stream: No such file or directory E:\php\www\adminmanage\Application\Home\Conf\config.php 第 11 行.
NOTIC: [2] include(): Failed opening './Conf/config.php' for inclusion (include_path='.;C:\php\pear') E:\php\www\adminmanage\Application\Home\Conf\config.php 第 11 行.
NOTIC: [2] array_merge(): Argument #1 is not an array E:\php\www\adminmanage\Application\Home\Conf\config.php 第 11 行.

[ 2016-01-08T23:00:33+08:00 ] 127.0.0.1 /Public/assets/avatars/avatar5.png
INFO: [ app_init ] --START--
INFO: Run Behavior\BuildLiteBehavior [ RunTime:0.000084s ]
INFO: [ app_init ] --END-- [ RunTime:0.001190s ]
NOTIC: [2] include(./Conf/config.php): failed to open stream: No such file or directory E:\php\www\adminmanage\Application\Home\Conf\config.php 第 11 行.
NOTIC: [2] include(): Failed opening './Conf/config.php' for inclusion (include_path='.;C:\php\pear') E:\php\www\adminmanage\Application\Home\Conf\config.php 第 11 行.
NOTIC: [2] array_merge(): Argument #1 is not an array E:\php\www\adminmanage\Application\Home\Conf\config.php 第 11 行.

[ 2016-01-08T23:00:33+08:00 ] 127.0.0.1 /Public/assets/avatars/avatar3.png
INFO: [ app_init ] --START--
INFO: Run Behavior\BuildLiteBehavior [ RunTime:0.000088s ]
INFO: [ app_init ] --END-- [ RunTime:0.001122s ]
NOTIC: [2] include(./Conf/config.php): failed to open stream: No such file or directory E:\php\www\adminmanage\Application\Home\Conf\config.php 第 11 行.
NOTIC: [2] include(): Failed opening './Conf/config.php' for inclusion (include_path='.;C:\php\pear') E:\php\www\adminmanage\Application\Home\Conf\config.php 第 11 行.
NOTIC: [2] array_merge(): Argument #1 is not an array E:\php\www\adminmanage\Application\Home\Conf\config.php 第 11 行.

[ 2016-01-08T23:00:33+08:00 ] 127.0.0.1 /Public/assets/avatars/avatar.png
INFO: [ app_init ] --START--
INFO: Run Behavior\BuildLiteBehavior [ RunTime:0.000096s ]
INFO: [ app_init ] --END-- [ RunTime:0.001508s ]
NOTIC: [2] include(./Conf/config.php): failed to open stream: No such file or directory E:\php\www\adminmanage\Application\Home\Conf\config.php 第 11 行.
NOTIC: [2] include(): Failed opening './Conf/config.php' for inclusion (include_path='.;C:\php\pear') E:\php\www\adminmanage\Application\Home\Conf\config.php 第 11 行.
NOTIC: [2] array_merge(): Argument #1 is not an array E:\php\www\adminmanage\Application\Home\Conf\config.php 第 11 行.

[ 2016-01-08T23:00:33+08:00 ] 127.0.0.1 /Public/assets/js/jquery.min.map
INFO: [ app_init ] --START--
INFO: Run Behavior\BuildLiteBehavior [ RunTime:0.000101s ]
INFO: [ app_init ] --END-- [ RunTime:0.001258s ]
NOTIC: [2] include(./Conf/config.php): failed to open stream: No such file or directory E:\php\www\adminmanage\Application\Home\Conf\config.php 第 11 行.
NOTIC: [2] include(): Failed opening './Conf/config.php' for inclusion (include_path='.;C:\php\pear') E:\php\www\adminmanage\Application\Home\Conf\config.php 第 11 行.
NOTIC: [2] array_merge(): Argument #1 is not an array E:\php\www\adminmanage\Application\Home\Conf\config.php 第 11 行.
INFO: [ app_begin ] --START--
INFO: Run Behavior\ReadHtmlCacheBehavior [ RunTime:0.001290s ]
INFO: [ app_begin ] --END-- [ RunTime:0.003278s ]
ERR: 无法加载控制器:Public

[ 2016-01-08T23:00:33+08:00 ] 127.0.0.1 /Public/assets/avatars/avatar4.png
INFO: [ app_init ] --START--
INFO: Run Behavior\BuildLiteBehavior [ RunTime:0.000101s ]
INFO: [ app_init ] --END-- [ RunTime:0.001430s ]
NOTIC: [2] include(./Conf/config.php): failed to open stream: No such file or directory E:\php\www\adminmanage\Application\Home\Conf\config.php 第 11 行.
NOTIC: [2] include(): Failed opening './Conf/config.php' for inclusion (include_path='.;C:\php\pear') E:\php\www\adminmanage\Application\Home\Conf\config.php 第 11 行.
NOTIC: [2] array_merge(): Argument #1 is not an array E:\php\www\adminmanage\Application\Home\Conf\config.php 第 11 行.

[ 2016-01-08T23:13:29+08:00 ] 127.0.0.1 /Public/assets/js/jquery.min.map
INFO: [ app_init ] --START--
INFO: Run Behavior\BuildLiteBehavior [ RunTime:0.000098s ]
INFO: [ app_init ] --END-- [ RunTime:0.001080s ]
NOTIC: [2] include(./Conf/config.php): failed to open stream: No such file or directory E:\php\www\adminmanage\Application\Home\Conf\config.php 第 11 行.
NOTIC: [2] include(): Failed opening './Conf/config.php' for inclusion (include_path='.;C:\php\pear') E:\php\www\adminmanage\Application\Home\Conf\config.php 第 11 行.
NOTIC: [2] array_merge(): Argument #1 is not an array E:\php\www\adminmanage\Application\Home\Conf\config.php 第 11 行.
INFO: [ app_begin ] --START--
INFO: Run Behavior\ReadHtmlCacheBehavior [ RunTime:0.000765s ]
INFO: [ app_begin ] --END-- [ RunTime:0.001002s ]
ERR: 无法加载控制器:Public

